<?xml version="1.0" encoding="UTF-8"?>
<testsuite name="springboot.web.IndexControllerTest" tests="1" skipped="0" failures="0" errors="0" timestamp="2022-11-21T18:14:47" hostname="DESKTOP-5JECIN5" time="0.184">
  <properties/>
  <testcase name="메인페이지_로딩()" classname="springboot.web.IndexControllerTest" time="0.184"/>
  <system-out><![CDATA[2022-11-22 03:14:47.368  INFO 19188 --- [    Test worker] .b.t.c.SpringBootTestContextBootstrapper : Neither @ContextConfiguration nor @ContextHierarchy found for test class [springboot.web.IndexControllerTest], using SpringBootContextLoader
2022-11-22 03:14:47.369  INFO 19188 --- [    Test worker] o.s.t.c.support.AbstractContextLoader    : Could not detect default resource locations for test class [springboot.web.IndexControllerTest]: no resource found for suffixes {-context.xml, Context.groovy}.
2022-11-22 03:14:47.369  INFO 19188 --- [    Test worker] t.c.s.AnnotationConfigContextLoaderUtils : Could not detect default configuration classes for test class [springboot.web.IndexControllerTest]: IndexControllerTest does not declare any static, non-private, non-final, nested classes annotated with @Configuration.
2022-11-22 03:14:47.371  INFO 19188 --- [    Test worker] .b.t.c.SpringBootTestContextBootstrapper : Found @SpringBootConfiguration springboot.Application for test class springboot.web.IndexControllerTest
2022-11-22 03:14:47.372  INFO 19188 --- [    Test worker] .b.t.c.SpringBootTestContextBootstrapper : Loaded default TestExecutionListener class names from location [META-INF/spring.factories]: [org.springframework.security.test.context.support.WithSecurityContextTestExecutionListener, org.springframework.security.test.context.support.ReactorContextTestExecutionListener, org.springframework.boot.test.autoconfigure.restdocs.RestDocsTestExecutionListener, org.springframework.boot.test.autoconfigure.web.client.MockRestServiceServerResetTestExecutionListener, org.springframework.boot.test.autoconfigure.web.servlet.MockMvcPrintOnlyOnFailureTestExecutionListener, org.springframework.boot.test.autoconfigure.web.servlet.WebDriverTestExecutionListener, org.springframework.boot.test.mock.mockito.MockitoTestExecutionListener, org.springframework.boot.test.mock.mockito.ResetMocksTestExecutionListener, org.springframework.test.context.web.ServletTestExecutionListener, org.springframework.test.context.support.DirtiesContextBeforeModesTestExecutionListener, org.springframework.test.context.support.DependencyInjectionTestExecutionListener, org.springframework.test.context.support.DirtiesContextTestExecutionListener, org.springframework.test.context.transaction.TransactionalTestExecutionListener, org.springframework.test.context.jdbc.SqlScriptsTestExecutionListener]
2022-11-22 03:14:47.373  INFO 19188 --- [    Test worker] .b.t.c.SpringBootTestContextBootstrapper : Using TestExecutionListeners: [org.springframework.test.context.web.ServletTestExecutionListener@47d89f3d, org.springframework.test.context.support.DirtiesContextBeforeModesTestExecutionListener@49a651e, org.springframework.boot.test.mock.mockito.MockitoTestExecutionListener@27c87495, org.springframework.boot.test.autoconfigure.SpringBootDependencyInjectionTestExecutionListener@4db2d96c, org.springframework.test.context.support.DirtiesContextTestExecutionListener@4e109690, org.springframework.test.context.transaction.TransactionalTestExecutionListener@19f5b8d9, org.springframework.test.context.jdbc.SqlScriptsTestExecutionListener@7d7d0bae, org.springframework.security.test.context.support.WithSecurityContextTestExecutionListener@265fd4d4, org.springframework.security.test.context.support.ReactorContextTestExecutionListener@6c317299, org.springframework.boot.test.autoconfigure.restdocs.RestDocsTestExecutionListener@58b63cb6, org.springframework.boot.test.autoconfigure.web.client.MockRestServiceServerResetTestExecutionListener@4d837c75, org.springframework.boot.test.autoconfigure.web.servlet.MockMvcPrintOnlyOnFailureTestExecutionListener@1522e865, org.springframework.boot.test.autoconfigure.web.servlet.WebDriverTestExecutionListener@7260e5e2, org.springframework.boot.test.mock.mockito.ResetMocksTestExecutionListener@1b5a3494]
2022-11-22 03:14:47.481  INFO 19188 --- [o-auto-1-exec-1] o.a.c.c.C.[Tomcat].[localhost].[/]       : Initializing Spring DispatcherServlet 'dispatcherServlet'
2022-11-22 03:14:47.482  INFO 19188 --- [o-auto-1-exec-1] o.s.web.servlet.DispatcherServlet        : Initializing Servlet 'dispatcherServlet'
2022-11-22 03:14:47.485  INFO 19188 --- [o-auto-1-exec-1] o.s.web.servlet.DispatcherServlet        : Completed initialization in 3 ms
Hibernate: select posts0_.id as id1_0_, posts0_.created_date as created_2_0_, posts0_.modified_date as modified3_0_, posts0_.author as author4_0_, posts0_.content as content5_0_, posts0_.title as title6_0_ from posts posts0_ order by posts0_.id DESC
]]></system-out>
  <system-err><![CDATA[]]></system-err>
</testsuite>
